2025-11-23T00:03:55.139+09:00 DEBUG 72944 --- [demo] [http-nio-8090-exec-9] o.s.web.servlet.DispatcherServlet        : GET "/null/swagger-resources/configuration/ui", parameters={}
2025-11-23T00:03:55.209+09:00 DEBUG 72944 --- [demo] [http-nio-8090-exec-9] o.s.w.s.handler.SimpleUrlHandlerMapping  : Mapped to ResourceHttpRequestHandler [classpath [META-INF/resources/], classpath [resources/], classpath [static/], classpath [public/], ServletContext [/]]
2025-11-23T00:03:55.229+09:00 DEBUG 72944 --- [demo] [http-nio-8090-exec-9] o.s.w.s.r.ResourceHttpRequestHandler     : Resource not found
2025-11-23T00:03:55.237+09:00 DEBUG 72944 --- [demo] [http-nio-8090-exec-9] .w.s.m.s.DefaultHandlerExceptionResolver : Resolved [org.springframework.web.servlet.resource.NoResourceFoundException: No static resource null/swagger-resources/configuration/ui for request '/null/swagger-resources/configuration/ui'.]
2025-11-23T00:03:55.238+09:00 DEBUG 72944 --- [demo] [http-nio-8090-exec-9] o.s.web.servlet.DispatcherServlet        : Completed 404 NOT_FOUND
2025-11-23T00:03:55.240+09:00 DEBUG 72944 --- [demo] [http-nio-8090-exec-9] o.s.web.servlet.DispatcherServlet        : "ERROR" dispatch for GET "/error", parameters={}
2025-11-23T00:03:55.241+09:00 DEBUG 72944 --- [demo] [http-nio-8090-exec-9] s.w.s.m.m.a.RequestMappingHandlerMapping : Mapped to org.springframework.boot.webmvc.autoconfigure.error.BasicErrorController#error(HttpServletRequest)
2025-11-23T00:03:55.258+09:00 DEBUG 72944 --- [demo] [http-nio-8090-exec-9] o.s.w.s.m.m.a.HttpEntityMethodProcessor  : Using 'application/json', given [*/*] and supported [application/json, application/*+json, application/yaml]
2025-11-23T00:03:55.260+09:00 DEBUG 72944 --- [demo] [http-nio-8090-exec-9] o.s.w.s.m.m.a.HttpEntityMethodProcessor  : Writing [{timestamp=Sun Nov 23 00:03:55 KST 2025, status=404, error=Not Found, path=/null/swagger-resources/c (truncated)...]
2025-11-23T00:03:55.270+09:00 DEBUG 72944 --- [demo] [http-nio-8090-exec-9] o.s.web.servlet.DispatcherServlet        : Exiting from "ERROR" dispatch, status 404
2025-11-23T00:03:55.276+09:00 DEBUG 72944 --- [demo] [http-nio-8090-exec-8] o.s.web.servlet.DispatcherServlet        : GET "/null/swagger-resources/configuration/security", parameters={}
2025-11-23T00:03:55.277+09:00 DEBUG 72944 --- [demo] [http-nio-8090-exec-8] o.s.w.s.handler.SimpleUrlHandlerMapping  : Mapped to ResourceHttpRequestHandler [classpath [META-INF/resources/], classpath [resources/], classpath [static/], classpath [public/], ServletContext [/]]
2025-11-23T00:03:55.280+09:00 DEBUG 72944 --- [demo] [http-nio-8090-exec-8] o.s.w.s.r.ResourceHttpRequestHandler     : Resource not found
2025-11-23T00:03:55.280+09:00 DEBUG 72944 --- [demo] [http-nio-8090-exec-8] .w.s.m.s.DefaultHandlerExceptionResolver : Resolved [org.springframework.web.servlet.resource.NoResourceFoundException: No static resource null/swagger-resources/configuration/security for request '/null/swagger-resources/configuration/security'.]
2025-11-23T00:03:55.281+09:00 DEBUG 72944 --- [demo] [http-nio-8090-exec-8] o.s.web.servlet.DispatcherServlet        : Completed 404 NOT_FOUND
2025-11-23T00:03:55.281+09:00 DEBUG 72944 --- [demo] [http-nio-8090-exec-8] o.s.web.servlet.DispatcherServlet        : "ERROR" dispatch for GET "/error", parameters={}
2025-11-23T00:03:55.281+09:00 DEBUG 72944 --- [demo] [http-nio-8090-exec-8] s.w.s.m.m.a.RequestMappingHandlerMapping : Mapped to org.springframework.boot.webmvc.autoconfigure.error.BasicErrorController#error(HttpServletRequest)
2025-11-23T00:03:55.282+09:00 DEBUG 72944 --- [demo] [http-nio-8090-exec-8] o.s.w.s.m.m.a.HttpEntityMethodProcessor  : Using 'application/json', given [*/*] and supported [application/json, application/*+json, application/yaml]
2025-11-23T00:03:55.283+09:00 DEBUG 72944 --- [demo] [http-nio-8090-exec-8] o.s.w.s.m.m.a.HttpEntityMethodProcessor  : Writing [{timestamp=Sun Nov 23 00:03:55 KST 2025, status=404, error=Not Found, path=/null/swagger-resources/c (truncated)...]
2025-11-23T00:03:55.284+09:00 DEBUG 72944 --- [demo] [http-nio-8090-exec-8] o.s.web.servlet.DispatcherServlet        : Exiting from "ERROR" dispatch, status 404
2025-11-23T00:03:55.290+09:00 DEBUG 72944 --- [demo] [http-nio-8090-exec-10] o.s.web.servlet.DispatcherServlet        : GET "/null/swagger-resources", parameters={}
2025-11-23T00:03:55.291+09:00 DEBUG 72944 --- [demo] [http-nio-8090-exec-10] o.s.w.s.handler.SimpleUrlHandlerMapping  : Mapped to ResourceHttpRequestHandler [classpath [META-INF/resources/], classpath [resources/], classpath [static/], classpath [public/], ServletContext [/]]
2025-11-23T00:03:55.293+09:00 DEBUG 72944 --- [demo] [http-nio-8090-exec-10] o.s.w.s.r.ResourceHttpRequestHandler     : Resource not found
2025-11-23T00:03:55.294+09:00 DEBUG 72944 --- [demo] [http-nio-8090-exec-10] .w.s.m.s.DefaultHandlerExceptionResolver : Resolved [org.springframework.web.servlet.resource.NoResourceFoundException: No static resource null/swagger-resources for request '/null/swagger-resources'.]
2025-11-23T00:03:55.295+09:00 DEBUG 72944 --- [demo] [http-nio-8090-exec-10] o.s.web.servlet.DispatcherServlet        : Completed 404 NOT_FOUND
2025-11-23T00:03:55.296+09:00 DEBUG 72944 --- [demo] [http-nio-8090-exec-10] o.s.web.servlet.DispatcherServlet        : "ERROR" dispatch for GET "/error", parameters={}
2025-11-23T00:03:55.297+09:00 DEBUG 72944 --- [demo] [http-nio-8090-exec-10] s.w.s.m.m.a.RequestMappingHandlerMapping : Mapped to org.springframework.boot.webmvc.autoconfigure.error.BasicErrorController#error(HttpServletRequest)
2025-11-23T00:03:55.298+09:00 DEBUG 72944 --- [demo] [http-nio-8090-exec-10] o.s.w.s.m.m.a.HttpEntityMethodProcessor  : Using 'application/json', given [*/*] and supported [application/json, application/*+json, application/yaml]
2025-11-23T00:03:55.298+09:00 DEBUG 72944 --- [demo] [http-nio-8090-exec-10] o.s.w.s.m.m.a.HttpEntityMethodProcessor  : Writing [{timestamp=Sun Nov 23 00:03:55 KST 2025, status=404, error=Not Found, path=/null/swagger-resources}]
2025-11-23T00:03:55.300+09:00 DEBUG 72944 --- [demo] [http-nio-8090-exec-10] o.s.web.servlet.DispatcherServlet        : Exiting from "ERROR" dispatch, status 404
2025-11-23T00:04:10.400+09:00 DEBUG 72944 --- [demo] [http-nio-8090-exec-2] o.s.web.servlet.DispatcherServlet        : GET "/swagger-ui/swagger-initializer.js", parameters={}
2025-11-23T00:04:10.402+09:00 DEBUG 72944 --- [demo] [http-nio-8090-exec-2] o.s.w.s.handler.SimpleUrlHandlerMapping  : Mapped to ResourceHttpRequestHandler [classpath [META-INF/resources/webjars/]]
2025-11-23T00:04:10.427+09:00 DEBUG 72944 --- [demo] [http-nio-8090-exec-2] o.s.web.servlet.DispatcherServlet        : Completed 200 OK
2025-11-23T00:04:10.459+09:00 DEBUG 72944 --- [demo] [http-nio-8090-exec-4] o.s.web.servlet.DispatcherServlet        : GET "/api-docs/swagger-config", parameters={}
2025-11-23T00:04:10.460+09:00 DEBUG 72944 --- [demo] [http-nio-8090-exec-4] s.w.s.m.m.a.RequestMappingHandlerMapping : Mapped to org.springdoc.webmvc.ui.SwaggerConfigResource#openapiJson(HttpServletRequest)
2025-11-23T00:04:10.464+09:00 DEBUG 72944 --- [demo] [http-nio-8090-exec-4] m.m.a.RequestResponseBodyMethodProcessor : Using 'application/json', given [*/*] and supported [application/json]
2025-11-23T00:04:10.464+09:00 DEBUG 72944 --- [demo] [http-nio-8090-exec-4] m.m.a.RequestResponseBodyMethodProcessor : Writing [{configUrl=/api-docs/swagger-config, oauth2RedirectUrl=http://localhost:8090/swagger-ui/oauth2-redir (truncated)...]
2025-11-23T00:04:10.465+09:00 DEBUG 72944 --- [demo] [http-nio-8090-exec-4] o.s.web.servlet.DispatcherServlet        : Completed 200 OK
2025-11-23T00:04:10.477+09:00 DEBUG 72944 --- [demo] [http-nio-8090-exec-3] o.s.web.servlet.DispatcherServlet        : GET "/api-docs", parameters={}
2025-11-23T00:04:10.477+09:00 DEBUG 72944 --- [demo] [http-nio-8090-exec-3] s.w.s.m.m.a.RequestMappingHandlerMapping : Mapped to org.springdoc.webmvc.api.OpenApiWebMvcResource#openapiJson(HttpServletRequest, String, Locale)
2025-11-23T00:04:10.502+09:00 DEBUG 72944 --- [demo] [http-nio-8090-exec-3] m.m.a.RequestResponseBodyMethodProcessor : Using 'application/json', given [application/json, */*] and supported [application/json]
2025-11-23T00:04:10.503+09:00 DEBUG 72944 --- [demo] [http-nio-8090-exec-3] m.m.a.RequestResponseBodyMethodProcessor : Writing [{7b226f70656e617069223a22332e302e31222c22696e666f223a7b227469746c65223a22537072696e67646f6320ed858ce (truncated)...]
2025-11-23T00:04:10.504+09:00 DEBUG 72944 --- [demo] [http-nio-8090-exec-3] o.s.web.servlet.DispatcherServlet        : Completed 200 OK
2025-11-23T00:04:10.603+09:00 DEBUG 72944 --- [demo] [http-nio-8090-exec-1] o.s.web.servlet.DispatcherServlet        : GET "/null/swagger-resources/configuration/ui", parameters={}
2025-11-23T00:04:10.605+09:00 DEBUG 72944 --- [demo] [http-nio-8090-exec-1] o.s.w.s.handler.SimpleUrlHandlerMapping  : Mapped to ResourceHttpRequestHandler [classpath [META-INF/resources/], classpath [resources/], classpath [static/], classpath [public/], ServletContext [/]]
2025-11-23T00:04:10.608+09:00 DEBUG 72944 --- [demo] [http-nio-8090-exec-1] o.s.w.s.r.ResourceHttpRequestHandler     : Resource not found
2025-11-23T00:04:10.609+09:00 DEBUG 72944 --- [demo] [http-nio-8090-exec-1] .w.s.m.s.DefaultHandlerExceptionResolver : Resolved [org.springframework.web.servlet.resource.NoResourceFoundException: No static resource null/swagger-resources/configuration/ui for request '/null/swagger-resources/configuration/ui'.]
2025-11-23T00:04:10.609+09:00 DEBUG 72944 --- [demo] [http-nio-8090-exec-1] o.s.web.servlet.DispatcherServlet        : Completed 404 NOT_FOUND
2025-11-23T00:04:10.609+09:00 DEBUG 72944 --- [demo] [http-nio-8090-exec-1] o.s.web.servlet.DispatcherServlet        : "ERROR" dispatch for GET "/error", parameters={}
2025-11-23T00:04:10.609+09:00 DEBUG 72944 --- [demo] [http-nio-8090-exec-1] s.w.s.m.m.a.RequestMappingHandlerMapping : Mapped to org.springframework.boot.webmvc.autoconfigure.error.BasicErrorController#error(HttpServletRequest)
2025-11-23T00:04:10.610+09:00 DEBUG 72944 --- [demo] [http-nio-8090-exec-1] o.s.w.s.m.m.a.HttpEntityMethodProcessor  : Using 'application/json', given [*/*] and supported [application/json, application/*+json, application/yaml]
2025-11-23T00:04:10.610+09:00 DEBUG 72944 --- [demo] [http-nio-8090-exec-1] o.s.w.s.m.m.a.HttpEntityMethodProcessor  : Writing [{timestamp=Sun Nov 23 00:04:10 KST 2025, status=404, error=Not Found, path=/null/swagger-resources/c (truncated)...]
2025-11-23T00:04:10.612+09:00 DEBUG 72944 --- [demo] [http-nio-8090-exec-1] o.s.web.servlet.DispatcherServlet        : Exiting from "ERROR" dispatch, status 404
2025-11-23T00:04:23.479+09:00 DEBUG 72944 --- [demo] [http-nio-8090-exec-5] o.s.web.servlet.DispatcherServlet        : GET "/api-docs", parameters={}
2025-11-23T00:04:23.479+09:00 DEBUG 72944 --- [demo] [http-nio-8090-exec-5] s.w.s.m.m.a.RequestMappingHandlerMapping : Mapped to org.springdoc.webmvc.api.OpenApiWebMvcResource#openapiJson(HttpServletRequest, String, Locale)
2025-11-23T00:04:23.479+09:00 DEBUG 72944 --- [demo] [http-nio-8090-exec-5] m.m.a.RequestResponseBodyMethodProcessor : Using 'application/json', given [application/json, */*] and supported [application/json]
2025-11-23T00:04:23.479+09:00 DEBUG 72944 --- [demo] [http-nio-8090-exec-5] m.m.a.RequestResponseBodyMethodProcessor : Writing [{7b226f70656e617069223a22332e302e31222c22696e666f223a7b227469746c65223a22537072696e67646f6320ed858ce (truncated)...]
2025-11-23T00:04:23.479+09:00 DEBUG 72944 --- [demo] [http-nio-8090-exec-5] o.s.web.servlet.DispatcherServlet        : Completed 200 OK
2025-11-23T00:05:36.261+09:00 DEBUG 72944 --- [demo] [http-nio-8090-exec-7] o.s.web.servlet.DispatcherServlet        : POST "/api1/templet/getJwtToken", parameters={}
2025-11-23T00:05:36.267+09:00 DEBUG 72944 --- [demo] [http-nio-8090-exec-7] s.w.s.m.m.a.RequestMappingHandlerMapping : Mapped to com.hyungsuu.apigate.samaple.web.TempletController#getJwtToken(JwtTokenReqVo, BindingResult, HttpServletRequest, HttpServletResponse)
2025-11-23T00:05:36.459+09:00 DEBUG 72944 --- [demo] [http-nio-8090-exec-7] m.m.a.RequestResponseBodyMethodProcessor : Read "application/json;charset=UTF-8" to [com.hyungsuu.apigate.samaple.vo.JwtTokenReqVo@3cfba4a3]
2025-11-23T00:05:36.609+09:00  INFO 72944 --- [demo] [http-nio-8090-exec-7] c.h.a.samaple.web.TempletController      : getJwtToken. Start()
2025-11-23T00:05:36.619+09:00  INFO 72944 --- [demo] [http-nio-8090-exec-7] c.h.a.samaple.web.TempletController      : getJwtToken. Start()==>0
2025-11-23T00:05:36.754+09:00  INFO 72944 --- [demo] [http-nio-8090-exec-7] c.h.a.samaple.web.TempletController      : getJwtToken. End() 
2025-11-23T00:05:36.759+09:00 DEBUG 72944 --- [demo] [http-nio-8090-exec-7] o.s.w.s.m.m.a.HttpEntityMethodProcessor  : Using 'application/json;charset=UTF-8', given [application/json;charset=UTF-8] and supported [application/json;charset=UTF-8]
2025-11-23T00:05:36.759+09:00 DEBUG 72944 --- [demo] [http-nio-8090-exec-7] o.s.w.s.m.m.a.HttpEntityMethodProcessor  : Writing [com.hyungsuu.apigate.samaple.vo.JwtTokenResVo@9f0fa37]
2025-11-23T00:05:36.779+09:00 DEBUG 72944 --- [demo] [http-nio-8090-exec-7] o.s.web.servlet.DispatcherServlet        : Completed 200 OK
2025-11-23T00:18:13.799+09:00 DEBUG 72944 --- [demo] [http-nio-8090-exec-8] o.s.web.servlet.DispatcherServlet        : POST "/api1/templet/getJwtToken", parameters={}
2025-11-23T00:18:13.800+09:00 DEBUG 72944 --- [demo] [http-nio-8090-exec-8] s.w.s.m.m.a.RequestMappingHandlerMapping : Mapped to com.hyungsuu.apigate.samaple.web.TempletController#getJwtToken(JwtTokenReqVo, BindingResult, HttpServletRequest, HttpServletResponse)
2025-11-23T00:18:13.801+09:00 DEBUG 72944 --- [demo] [http-nio-8090-exec-8] m.m.a.RequestResponseBodyMethodProcessor : Read "application/json;charset=UTF-8" to [com.hyungsuu.apigate.samaple.vo.JwtTokenReqVo@2dbc555d]
2025-11-23T00:18:13.802+09:00  INFO 72944 --- [demo] [http-nio-8090-exec-8] c.h.a.samaple.web.TempletController      : getJwtToken. Start()
2025-11-23T00:18:13.802+09:00  INFO 72944 --- [demo] [http-nio-8090-exec-8] c.h.a.samaple.web.TempletController      : getJwtToken. Start()==>0
2025-11-23T00:18:13.803+09:00  INFO 72944 --- [demo] [http-nio-8090-exec-8] c.h.a.samaple.web.TempletController      : getJwtToken. End() 
2025-11-23T00:18:13.803+09:00 DEBUG 72944 --- [demo] [http-nio-8090-exec-8] o.s.w.s.m.m.a.HttpEntityMethodProcessor  : Using 'application/json;charset=UTF-8', given [*/*] and supported [application/json;charset=UTF-8]
2025-11-23T00:18:13.803+09:00 DEBUG 72944 --- [demo] [http-nio-8090-exec-8] o.s.w.s.m.m.a.HttpEntityMethodProcessor  : Writing [com.hyungsuu.apigate.samaple.vo.JwtTokenResVo@6e15cde8]
2025-11-23T00:18:13.804+09:00 DEBUG 72944 --- [demo] [http-nio-8090-exec-8] o.s.web.servlet.DispatcherServlet        : Completed 200 OK
2025-11-23T00:18:15.082+09:00 DEBUG 72944 --- [demo] [http-nio-8090-exec-10] o.s.web.servlet.DispatcherServlet        : POST "/api1/templet/getJwtToken", parameters={}
2025-11-23T00:18:15.082+09:00 DEBUG 72944 --- [demo] [http-nio-8090-exec-10] s.w.s.m.m.a.RequestMappingHandlerMapping : Mapped to com.hyungsuu.apigate.samaple.web.TempletController#getJwtToken(JwtTokenReqVo, BindingResult, HttpServletRequest, HttpServletResponse)
2025-11-23T00:18:15.083+09:00 DEBUG 72944 --- [demo] [http-nio-8090-exec-10] m.m.a.RequestResponseBodyMethodProcessor : Read "application/json;charset=UTF-8" to [com.hyungsuu.apigate.samaple.vo.JwtTokenReqVo@25db0201]
2025-11-23T00:18:15.083+09:00  INFO 72944 --- [demo] [http-nio-8090-exec-10] c.h.a.samaple.web.TempletController      : getJwtToken. Start()
2025-11-23T00:18:15.083+09:00  INFO 72944 --- [demo] [http-nio-8090-exec-10] c.h.a.samaple.web.TempletController      : getJwtToken. Start()==>0
2025-11-23T00:18:15.084+09:00  INFO 72944 --- [demo] [http-nio-8090-exec-10] c.h.a.samaple.web.TempletController      : getJwtToken. End() 
2025-11-23T00:18:15.085+09:00 DEBUG 72944 --- [demo] [http-nio-8090-exec-10] o.s.w.s.m.m.a.HttpEntityMethodProcessor  : Using 'application/json;charset=UTF-8', given [*/*] and supported [application/json;charset=UTF-8]
2025-11-23T00:18:15.085+09:00 DEBUG 72944 --- [demo] [http-nio-8090-exec-10] o.s.w.s.m.m.a.HttpEntityMethodProcessor  : Writing [com.hyungsuu.apigate.samaple.vo.JwtTokenResVo@2b1cf8ca]
2025-11-23T00:18:15.086+09:00 DEBUG 72944 --- [demo] [http-nio-8090-exec-10] o.s.web.servlet.DispatcherServlet        : Completed 200 OK
2025-11-23T00:18:15.948+09:00 DEBUG 72944 --- [demo] [http-nio-8090-exec-2] o.s.web.servlet.DispatcherServlet        : POST "/api1/templet/getJwtToken", parameters={}
2025-11-23T00:18:15.948+09:00 DEBUG 72944 --- [demo] [http-nio-8090-exec-2] s.w.s.m.m.a.RequestMappingHandlerMapping : Mapped to com.hyungsuu.apigate.samaple.web.TempletController#getJwtToken(JwtTokenReqVo, BindingResult, HttpServletRequest, HttpServletResponse)
2025-11-23T00:18:15.949+09:00 DEBUG 72944 --- [demo] [http-nio-8090-exec-2] m.m.a.RequestResponseBodyMethodProcessor : Read "application/json;charset=UTF-8" to [com.hyungsuu.apigate.samaple.vo.JwtTokenReqVo@5b429ad2]
2025-11-23T00:18:15.949+09:00  INFO 72944 --- [demo] [http-nio-8090-exec-2] c.h.a.samaple.web.TempletController      : getJwtToken. Start()
2025-11-23T00:18:15.950+09:00  INFO 72944 --- [demo] [http-nio-8090-exec-2] c.h.a.samaple.web.TempletController      : getJwtToken. Start()==>0
2025-11-23T00:18:15.950+09:00  INFO 72944 --- [demo] [http-nio-8090-exec-2] c.h.a.samaple.web.TempletController      : getJwtToken. End() 
2025-11-23T00:18:15.951+09:00 DEBUG 72944 --- [demo] [http-nio-8090-exec-2] o.s.w.s.m.m.a.HttpEntityMethodProcessor  : Using 'application/json;charset=UTF-8', given [*/*] and supported [application/json;charset=UTF-8]
2025-11-23T00:18:15.951+09:00 DEBUG 72944 --- [demo] [http-nio-8090-exec-2] o.s.w.s.m.m.a.HttpEntityMethodProcessor  : Writing [com.hyungsuu.apigate.samaple.vo.JwtTokenResVo@73763bd3]
2025-11-23T00:18:15.951+09:00 DEBUG 72944 --- [demo] [http-nio-8090-exec-2] o.s.web.servlet.DispatcherServlet        : Completed 200 OK
2025-11-23T00:18:17.018+09:00 DEBUG 72944 --- [demo] [http-nio-8090-exec-4] o.s.web.servlet.DispatcherServlet        : POST "/api1/templet/getJwtToken", parameters={}
2025-11-23T00:18:17.019+09:00 DEBUG 72944 --- [demo] [http-nio-8090-exec-4] s.w.s.m.m.a.RequestMappingHandlerMapping : Mapped to com.hyungsuu.apigate.samaple.web.TempletController#getJwtToken(JwtTokenReqVo, BindingResult, HttpServletRequest, HttpServletResponse)
2025-11-23T00:18:17.020+09:00 DEBUG 72944 --- [demo] [http-nio-8090-exec-4] m.m.a.RequestResponseBodyMethodProcessor : Read "application/json;charset=UTF-8" to [com.hyungsuu.apigate.samaple.vo.JwtTokenReqVo@2ddee429]
2025-11-23T00:18:17.020+09:00  INFO 72944 --- [demo] [http-nio-8090-exec-4] c.h.a.samaple.web.TempletController      : getJwtToken. Start()
2025-11-23T00:18:17.020+09:00  INFO 72944 --- [demo] [http-nio-8090-exec-4] c.h.a.samaple.web.TempletController      : getJwtToken. Start()==>0
2025-11-23T00:18:17.021+09:00  INFO 72944 --- [demo] [http-nio-8090-exec-4] c.h.a.samaple.web.TempletController      : getJwtToken. End() 
2025-11-23T00:18:17.021+09:00 DEBUG 72944 --- [demo] [http-nio-8090-exec-4] o.s.w.s.m.m.a.HttpEntityMethodProcessor  : Using 'application/json;charset=UTF-8', given [*/*] and supported [application/json;charset=UTF-8]
2025-11-23T00:18:17.021+09:00 DEBUG 72944 --- [demo] [http-nio-8090-exec-4] o.s.w.s.m.m.a.HttpEntityMethodProcessor  : Writing [com.hyungsuu.apigate.samaple.vo.JwtTokenResVo@5a9cf18c]
2025-11-23T00:18:17.022+09:00 DEBUG 72944 --- [demo] [http-nio-8090-exec-4] o.s.web.servlet.DispatcherServlet        : Completed 200 OK
2025-11-23T00:18:49.638+09:00 DEBUG 72944 --- [demo] [http-nio-8090-exec-3] o.apache.coyote.http11.Http11Processor   : Error parsing HTTP request header

java.io.EOFException: null
	at org.apache.tomcat.util.net.NioEndpoint$NioSocketWrapper.fillReadBuffer(NioEndpoint.java:1338) ~[tomcat-embed-core-11.0.14.jar:11.0.14]
	at org.apache.tomcat.util.net.NioEndpoint$NioSocketWrapper.read(NioEndpoint.java:1223) ~[tomcat-embed-core-11.0.14.jar:11.0.14]
	at org.apache.coyote.http11.Http11InputBuffer.fill(Http11InputBuffer.java:776) ~[tomcat-embed-core-11.0.14.jar:11.0.14]
	at org.apache.coyote.http11.Http11InputBuffer.parseRequestLine(Http11InputBuffer.java:334) ~[tomcat-embed-core-11.0.14.jar:11.0.14]
	at org.apache.coyote.http11.Http11Processor.service(Http11Processor.java:270) ~[tomcat-embed-core-11.0.14.jar:11.0.14]
	at org.apache.coyote.AbstractProcessorLight.process(AbstractProcessorLight.java:63) ~[tomcat-embed-core-11.0.14.jar:11.0.14]
	at org.apache.coyote.AbstractProtocol$ConnectionHandler.process(AbstractProtocol.java:903) ~[tomcat-embed-core-11.0.14.jar:11.0.14]
	at org.apache.tomcat.util.net.NioEndpoint$SocketProcessor.doRun(NioEndpoint.java:1778) ~[tomcat-embed-core-11.0.14.jar:11.0.14]
	at org.apache.tomcat.util.net.SocketProcessorBase.run(SocketProcessorBase.java:52) ~[tomcat-embed-core-11.0.14.jar:11.0.14]
	at org.apache.tomcat.util.threads.ThreadPoolExecutor.runWorker(ThreadPoolExecutor.java:946) ~[tomcat-embed-core-11.0.14.jar:11.0.14]
	at org.apache.tomcat.util.threads.ThreadPoolExecutor$Worker.run(ThreadPoolExecutor.java:480) ~[tomcat-embed-core-11.0.14.jar:11.0.14]
	at org.apache.tomcat.util.threads.TaskThread$WrappingRunnable.run(TaskThread.java:57) ~[tomcat-embed-core-11.0.14.jar:11.0.14]
	at java.base/java.lang.Thread.run(Thread.java:1474) ~[na:na]

2025-11-23T00:18:49.647+09:00 DEBUG 72944 --- [demo] [http-nio-8090-exec-3] o.apache.coyote.http11.Http11Processor   : Error state [CLOSE_CONNECTION_NOW] reported while processing request

java.io.EOFException: null
	at org.apache.tomcat.util.net.NioEndpoint$NioSocketWrapper.fillReadBuffer(NioEndpoint.java:1338) ~[tomcat-embed-core-11.0.14.jar:11.0.14]
	at org.apache.tomcat.util.net.NioEndpoint$NioSocketWrapper.read(NioEndpoint.java:1223) ~[tomcat-embed-core-11.0.14.jar:11.0.14]
	at org.apache.coyote.http11.Http11InputBuffer.fill(Http11InputBuffer.java:776) ~[tomcat-embed-core-11.0.14.jar:11.0.14]
	at org.apache.coyote.http11.Http11InputBuffer.parseRequestLine(Http11InputBuffer.java:334) ~[tomcat-embed-core-11.0.14.jar:11.0.14]
	at org.apache.coyote.http11.Http11Processor.service(Http11Processor.java:270) ~[tomcat-embed-core-11.0.14.jar:11.0.14]
	at org.apache.coyote.AbstractProcessorLight.process(AbstractProcessorLight.java:63) ~[tomcat-embed-core-11.0.14.jar:11.0.14]
	at org.apache.coyote.AbstractProtocol$ConnectionHandler.process(AbstractProtocol.java:903) ~[tomcat-embed-core-11.0.14.jar:11.0.14]
	at org.apache.tomcat.util.net.NioEndpoint$SocketProcessor.doRun(NioEndpoint.java:1778) ~[tomcat-embed-core-11.0.14.jar:11.0.14]
	at org.apache.tomcat.util.net.SocketProcessorBase.run(SocketProcessorBase.java:52) ~[tomcat-embed-core-11.0.14.jar:11.0.14]
	at org.apache.tomcat.util.threads.ThreadPoolExecutor.runWorker(ThreadPoolExecutor.java:946) ~[tomcat-embed-core-11.0.14.jar:11.0.14]
	at org.apache.tomcat.util.threads.ThreadPoolExecutor$Worker.run(ThreadPoolExecutor.java:480) ~[tomcat-embed-core-11.0.14.jar:11.0.14]
	at org.apache.tomcat.util.threads.TaskThread$WrappingRunnable.run(TaskThread.java:57) ~[tomcat-embed-core-11.0.14.jar:11.0.14]
	at java.base/java.lang.Thread.run(Thread.java:1474) ~[na:na]

2025-11-23T01:17:17.020+09:00  INFO 48608 --- [demo] [main] com.hyungsuu.demo.DemoApplication        : Starting DemoApplication using Java 25.0.1 with PID 48608 (C:\prj\workspace\boot4ver\target\classes started by ix640 in C:\prj\workspace\boot4ver)
2025-11-23T01:17:17.027+09:00  INFO 48608 --- [demo] [main] com.hyungsuu.demo.DemoApplication        : The following 1 profile is active: "dev"
2025-11-23T01:17:17.979+09:00 DEBUG 48608 --- [demo] [main] org.apache.catalina.core.ContainerBase   : Add container child [StandardHost[localhost]] to container [StandardEngine[Tomcat]]
2025-11-23T01:17:17.995+09:00 DEBUG 48608 --- [demo] [main] org.apache.catalina.core.ContainerBase   : Add container child [TomcatEmbeddedContext[]] to container [StandardEngine[Tomcat].StandardHost[localhost]]
2025-11-23T01:17:17.997+09:00  INFO 48608 --- [demo] [main] o.s.boot.tomcat.TomcatWebServer          : Tomcat initialized with port 8090 (http)
2025-11-23T01:17:18.006+09:00  INFO 48608 --- [demo] [main] o.apache.catalina.core.StandardService   : Starting service [Tomcat]
2025-11-23T01:17:18.006+09:00  INFO 48608 --- [demo] [main] o.apache.catalina.core.StandardEngine    : Starting Servlet engine: [Apache Tomcat/11.0.14]
2025-11-23T01:17:18.037+09:00 DEBUG 48608 --- [demo] [main] o.apache.catalina.loader.WebappLoader    : Starting this Loader
2025-11-23T01:17:18.040+09:00 DEBUG 48608 --- [demo] [main] org.apache.catalina.webresources.Cache   : Increased cache size by [531] for item [org.apache.catalina.webresources.CachedResource@3635099] at [/WEB-INF/classes] making total cache size [531]
2025-11-23T01:17:18.043+09:00 DEBUG 48608 --- [demo] [main] o.apache.catalina.core.StandardContext   : No manager found. Checking if cluster manager should be used. Cluster configured: [false], Application distributable: [false]
2025-11-23T01:17:18.046+09:00 DEBUG 48608 --- [demo] [main] o.apache.catalina.core.StandardContext   : Configured a manager of class [org.apache.catalina.session.StandardManager]
2025-11-23T01:17:18.052+09:00  INFO 48608 --- [demo] [main] b.w.c.s.WebApplicationContextInitializer : Root WebApplicationContext: initialization completed in 985 ms
2025-11-23T01:17:18.074+09:00 DEBUG 48608 --- [demo] [main] org.apache.catalina.core.ContainerBase   : Add container child [StandardWrapper[dispatcherServlet]] to container [StandardEngine[Tomcat].StandardHost[localhost].TomcatEmbeddedContext[]]
2025-11-23T01:17:18.091+09:00 DEBUG 48608 --- [demo] [main] org.apache.catalina.mapper.Mapper        : Registered host [localhost]
2025-11-23T01:17:18.093+09:00 DEBUG 48608 --- [demo] [main] o.apache.catalina.mapper.MapperListener  : Register Wrapper [dispatcherServlet] in Context [] for service [StandardService[Tomcat]]
2025-11-23T01:17:18.093+09:00 DEBUG 48608 --- [demo] [main] o.apache.catalina.mapper.MapperListener  : Register Context [] for service [StandardService[Tomcat]]
2025-11-23T01:17:18.094+09:00 DEBUG 48608 --- [demo] [main] o.apache.catalina.mapper.MapperListener  : Register host [localhost] at domain [null] for service [StandardService[Tomcat]]
2025-11-23T01:17:18.160+09:00 DEBUG 48608 --- [demo] [main] org.apache.ibatis.logging.LogFactory     : Logging initialized using 'class org.apache.ibatis.logging.slf4j.Slf4jImpl' adapter.
2025-11-23T01:17:18.395+09:00 DEBUG 48608 --- [demo] [main] org.apache.catalina.webresources.Cache   : Increased cache size by [521] for item [org.apache.catalina.webresources.CachedResource@1291aab5] at [/index.html] making total cache size [1052]
2025-11-23T01:17:18.485+09:00 DEBUG 48608 --- [demo] [main] s.w.s.m.m.a.RequestMappingHandlerMapping : 8 mappings in 'requestMappingHandlerMapping'
2025-11-23T01:17:18.509+09:00 DEBUG 48608 --- [demo] [main] org.apache.catalina.webresources.Cache   : Increased cache size by [501] for item [org.apache.catalina.webresources.CachedResource@482ba4b1] at [/] making total cache size [1553]
2025-11-23T01:17:18.513+09:00 DEBUG 48608 --- [demo] [main] o.s.w.s.handler.SimpleUrlHandlerMapping  : Patterns [/webjars/**, /**, /swagger-ui/**, /swagger-ui*/*swagger-initializer.js, /swagger-ui*/**] in 'resourceHandlerMapping'
2025-11-23T01:17:18.528+09:00 DEBUG 48608 --- [demo] [main] s.w.s.m.m.a.RequestMappingHandlerAdapter : ControllerAdvice beans: 0 @ModelAttribute, 0 @InitBinder, 1 RequestBodyAdvice, 1 ResponseBodyAdvice
2025-11-23T01:17:18.556+09:00 DEBUG 48608 --- [demo] [main] .m.m.a.ExceptionHandlerExceptionResolver : ControllerAdvice beans: 2 @ExceptionHandler, 1 ResponseBodyAdvice
2025-11-23T01:17:18.684+09:00  INFO 48608 --- [demo] [main] o.s.boot.tomcat.TomcatWebServer          : Tomcat started on port 8090 (http) with context path '/'
2025-11-23T01:17:18.691+09:00  INFO 48608 --- [demo] [main] com.hyungsuu.demo.DemoApplication        : Started DemoApplication in 1.978 seconds (process running for 2.238)
2025-11-23T01:17:24.581+09:00 DEBUG 48608 --- [demo] [http-nio-8090-exec-1] o.a.c.a.jaspic.AuthConfigFactoryImpl     : Loading persistent provider registrations from [C:\Users\ix640\AppData\Local\Temp\tomcat.8090.10687475492605385261\conf\jaspic-providers.xml]
2025-11-23T01:17:24.583+09:00  INFO 48608 --- [demo] [http-nio-8090-exec-1] o.a.c.c.C.[Tomcat].[localhost].[/]       : Initializing Spring DispatcherServlet 'dispatcherServlet'
2025-11-23T01:17:24.583+09:00  INFO 48608 --- [demo] [http-nio-8090-exec-1] o.s.web.servlet.DispatcherServlet        : Initializing Servlet 'dispatcherServlet'
2025-11-23T01:17:24.583+09:00 DEBUG 48608 --- [demo] [http-nio-8090-exec-1] o.s.web.servlet.DispatcherServlet        : Detected StandardServletMultipartResolver
2025-11-23T01:17:24.583+09:00 DEBUG 48608 --- [demo] [http-nio-8090-exec-1] o.s.web.servlet.DispatcherServlet        : Detected AcceptHeaderLocaleResolver
2025-11-23T01:17:24.584+09:00 DEBUG 48608 --- [demo] [http-nio-8090-exec-1] o.s.web.servlet.DispatcherServlet        : Detected org.springframework.web.servlet.view.DefaultRequestToViewNameTranslator@172956b1
2025-11-23T01:17:24.585+09:00 DEBUG 48608 --- [demo] [http-nio-8090-exec-1] o.s.web.servlet.DispatcherServlet        : Detected org.springframework.web.servlet.support.SessionFlashMapManager@33a9dba5
2025-11-23T01:17:24.585+09:00 DEBUG 48608 --- [demo] [http-nio-8090-exec-1] o.s.web.servlet.DispatcherServlet        : enableLoggingRequestDetails='false': request parameters and headers will be masked to prevent unsafe logging of potentially sensitive data
2025-11-23T01:17:24.586+09:00  INFO 48608 --- [demo] [http-nio-8090-exec-1] o.s.web.servlet.DispatcherServlet        : Completed initialization in 3 ms
2025-11-23T01:17:24.597+09:00 DEBUG 48608 --- [demo] [http-nio-8090-exec-1] o.s.web.servlet.DispatcherServlet        : POST "/api/templet/selectSample", parameters={}
2025-11-23T01:17:24.608+09:00 DEBUG 48608 --- [demo] [http-nio-8090-exec-1] s.w.s.m.m.a.RequestMappingHandlerMapping : Mapped to com.hyungsuu.apigate.samaple.web.SampleController#selectSample(SelectSampleReqVo, BindingResult, HttpServletRequest, HttpServletResponse)
2025-11-23T01:17:24.612+09:00 DEBUG 48608 --- [demo] [http-nio-8090-exec-1] .m.m.a.ExceptionHandlerExceptionResolver : Using @ExceptionHandler com.hyungsuu.common.exception.GlobalExceptionHandler#handleValidationExceptions(Exception)
2025-11-23T01:17:24.612+09:00  INFO 48608 --- [demo] [http-nio-8090-exec-1] c.h.c.exception.GlobalExceptionHandler   : Exception is happened!
2025-11-23T01:17:24.619+09:00 DEBUG 48608 --- [demo] [http-nio-8090-exec-1] o.s.w.s.m.m.a.HttpEntityMethodProcessor  : Found 'Content-Type:application/json;charset=UTF-8' in response
2025-11-23T01:17:24.620+09:00 DEBUG 48608 --- [demo] [http-nio-8090-exec-1] o.s.w.s.m.m.a.HttpEntityMethodProcessor  : Writing [com.hyungsuu.common.vo.BaseResponseVo@594c8758]
2025-11-23T01:17:24.661+09:00 DEBUG 48608 --- [demo] [http-nio-8090-exec-1] .m.m.a.ExceptionHandlerExceptionResolver : Resolved [java.lang.NullPointerException: Cannot invoke "String.length()" because "s" is null]
2025-11-23T01:17:24.662+09:00 DEBUG 48608 --- [demo] [http-nio-8090-exec-1] o.s.web.servlet.DispatcherServlet        : Completed 200 OK
2025-11-23T01:17:55.533+09:00 DEBUG 48608 --- [demo] [http-nio-8090-exec-2] o.apache.coyote.http11.Http11Processor   : Error parsing HTTP request header

java.io.EOFException: null
	at org.apache.tomcat.util.net.NioEndpoint$NioSocketWrapper.fillReadBuffer(NioEndpoint.java:1338) ~[tomcat-embed-core-11.0.14.jar:11.0.14]
	at org.apache.tomcat.util.net.NioEndpoint$NioSocketWrapper.read(NioEndpoint.java:1223) ~[tomcat-embed-core-11.0.14.jar:11.0.14]
	at org.apache.coyote.http11.Http11InputBuffer.fill(Http11InputBuffer.java:776) ~[tomcat-embed-core-11.0.14.jar:11.0.14]
	at org.apache.coyote.http11.Http11InputBuffer.parseRequestLine(Http11InputBuffer.java:334) ~[tomcat-embed-core-11.0.14.jar:11.0.14]
	at org.apache.coyote.http11.Http11Processor.service(Http11Processor.java:270) ~[tomcat-embed-core-11.0.14.jar:11.0.14]
	at org.apache.coyote.AbstractProcessorLight.process(AbstractProcessorLight.java:63) ~[tomcat-embed-core-11.0.14.jar:11.0.14]
	at org.apache.coyote.AbstractProtocol$ConnectionHandler.process(AbstractProtocol.java:903) ~[tomcat-embed-core-11.0.14.jar:11.0.14]
	at org.apache.tomcat.util.net.NioEndpoint$SocketProcessor.doRun(NioEndpoint.java:1778) ~[tomcat-embed-core-11.0.14.jar:11.0.14]
	at org.apache.tomcat.util.net.SocketProcessorBase.run(SocketProcessorBase.java:52) ~[tomcat-embed-core-11.0.14.jar:11.0.14]
	at org.apache.tomcat.util.threads.ThreadPoolExecutor.runWorker(ThreadPoolExecutor.java:946) ~[tomcat-embed-core-11.0.14.jar:11.0.14]
	at org.apache.tomcat.util.threads.ThreadPoolExecutor$Worker.run(ThreadPoolExecutor.java:480) ~[tomcat-embed-core-11.0.14.jar:11.0.14]
	at org.apache.tomcat.util.threads.TaskThread$WrappingRunnable.run(TaskThread.java:57) ~[tomcat-embed-core-11.0.14.jar:11.0.14]
	at java.base/java.lang.Thread.run(Thread.java:1474) ~[na:na]

2025-11-23T01:17:55.540+09:00 DEBUG 48608 --- [demo] [http-nio-8090-exec-2] o.apache.coyote.http11.Http11Processor   : Error state [CLOSE_CONNECTION_NOW] reported while processing request

java.io.EOFException: null
	at org.apache.tomcat.util.net.NioEndpoint$NioSocketWrapper.fillReadBuffer(NioEndpoint.java:1338) ~[tomcat-embed-core-11.0.14.jar:11.0.14]
	at org.apache.tomcat.util.net.NioEndpoint$NioSocketWrapper.read(NioEndpoint.java:1223) ~[tomcat-embed-core-11.0.14.jar:11.0.14]
	at org.apache.coyote.http11.Http11InputBuffer.fill(Http11InputBuffer.java:776) ~[tomcat-embed-core-11.0.14.jar:11.0.14]
	at org.apache.coyote.http11.Http11InputBuffer.parseRequestLine(Http11InputBuffer.java:334) ~[tomcat-embed-core-11.0.14.jar:11.0.14]
	at org.apache.coyote.http11.Http11Processor.service(Http11Processor.java:270) ~[tomcat-embed-core-11.0.14.jar:11.0.14]
	at org.apache.coyote.AbstractProcessorLight.process(AbstractProcessorLight.java:63) ~[tomcat-embed-core-11.0.14.jar:11.0.14]
	at org.apache.coyote.AbstractProtocol$ConnectionHandler.process(AbstractProtocol.java:903) ~[tomcat-embed-core-11.0.14.jar:11.0.14]
	at org.apache.tomcat.util.net.NioEndpoint$SocketProcessor.doRun(NioEndpoint.java:1778) ~[tomcat-embed-core-11.0.14.jar:11.0.14]
	at org.apache.tomcat.util.net.SocketProcessorBase.run(SocketProcessorBase.java:52) ~[tomcat-embed-core-11.0.14.jar:11.0.14]
	at org.apache.tomcat.util.threads.ThreadPoolExecutor.runWorker(ThreadPoolExecutor.java:946) ~[tomcat-embed-core-11.0.14.jar:11.0.14]
	at org.apache.tomcat.util.threads.ThreadPoolExecutor$Worker.run(ThreadPoolExecutor.java:480) ~[tomcat-embed-core-11.0.14.jar:11.0.14]
	at org.apache.tomcat.util.threads.TaskThread$WrappingRunnable.run(TaskThread.java:57) ~[tomcat-embed-core-11.0.14.jar:11.0.14]
	at java.base/java.lang.Thread.run(Thread.java:1474) ~[na:na]

2025-11-23T01:20:29.133+09:00  INFO 32544 --- [demo] [main] com.hyungsuu.demo.DemoApplication        : Starting DemoApplication using Java 25.0.1 with PID 32544 (C:\prj\workspace\boot4ver\target\classes started by ix640 in C:\prj\workspace\boot4ver)
2025-11-23T01:20:29.139+09:00  INFO 32544 --- [demo] [main] com.hyungsuu.demo.DemoApplication        : The following 1 profile is active: "dev"
2025-11-23T01:20:30.227+09:00 DEBUG 32544 --- [demo] [main] org.apache.catalina.core.ContainerBase   : Add container child [StandardHost[localhost]] to container [StandardEngine[Tomcat]]
2025-11-23T01:20:30.243+09:00 DEBUG 32544 --- [demo] [main] org.apache.catalina.core.ContainerBase   : Add container child [TomcatEmbeddedContext[]] to container [StandardEngine[Tomcat].StandardHost[localhost]]
2025-11-23T01:20:30.246+09:00  INFO 32544 --- [demo] [main] o.s.boot.tomcat.TomcatWebServer          : Tomcat initialized with port 8090 (http)
2025-11-23T01:20:30.258+09:00  INFO 32544 --- [demo] [main] o.apache.catalina.core.StandardService   : Starting service [Tomcat]
2025-11-23T01:20:30.258+09:00  INFO 32544 --- [demo] [main] o.apache.catalina.core.StandardEngine    : Starting Servlet engine: [Apache Tomcat/11.0.14]
2025-11-23T01:20:30.297+09:00 DEBUG 32544 --- [demo] [main] o.apache.catalina.loader.WebappLoader    : Starting this Loader
2025-11-23T01:20:30.300+09:00 DEBUG 32544 --- [demo] [main] org.apache.catalina.webresources.Cache   : Increased cache size by [531] for item [org.apache.catalina.webresources.CachedResource@3d620a1] at [/WEB-INF/classes] making total cache size [531]
2025-11-23T01:20:30.303+09:00 DEBUG 32544 --- [demo] [main] o.apache.catalina.core.StandardContext   : No manager found. Checking if cluster manager should be used. Cluster configured: [false], Application distributable: [false]
2025-11-23T01:20:30.307+09:00 DEBUG 32544 --- [demo] [main] o.apache.catalina.core.StandardContext   : Configured a manager of class [org.apache.catalina.session.StandardManager]
2025-11-23T01:20:30.313+09:00  INFO 32544 --- [demo] [main] b.w.c.s.WebApplicationContextInitializer : Root WebApplicationContext: initialization completed in 1118 ms
2025-11-23T01:20:30.341+09:00 DEBUG 32544 --- [demo] [main] org.apache.catalina.core.ContainerBase   : Add container child [StandardWrapper[dispatcherServlet]] to container [StandardEngine[Tomcat].StandardHost[localhost].TomcatEmbeddedContext[]]
2025-11-23T01:20:30.360+09:00 DEBUG 32544 --- [demo] [main] org.apache.catalina.mapper.Mapper        : Registered host [localhost]
2025-11-23T01:20:30.361+09:00 DEBUG 32544 --- [demo] [main] o.apache.catalina.mapper.MapperListener  : Register Wrapper [dispatcherServlet] in Context [] for service [StandardService[Tomcat]]
2025-11-23T01:20:30.362+09:00 DEBUG 32544 --- [demo] [main] o.apache.catalina.mapper.MapperListener  : Register Context [] for service [StandardService[Tomcat]]
2025-11-23T01:20:30.362+09:00 DEBUG 32544 --- [demo] [main] o.apache.catalina.mapper.MapperListener  : Register host [localhost] at domain [null] for service [StandardService[Tomcat]]
2025-11-23T01:20:30.450+09:00 DEBUG 32544 --- [demo] [main] org.apache.ibatis.logging.LogFactory     : Logging initialized using 'class org.apache.ibatis.logging.slf4j.Slf4jImpl' adapter.
2025-11-23T01:20:30.734+09:00 DEBUG 32544 --- [demo] [main] org.apache.catalina.webresources.Cache   : Increased cache size by [521] for item [org.apache.catalina.webresources.CachedResource@1291aab5] at [/index.html] making total cache size [1052]
2025-11-23T01:20:30.832+09:00 DEBUG 32544 --- [demo] [main] s.w.s.m.m.a.RequestMappingHandlerMapping : 8 mappings in 'requestMappingHandlerMapping'
2025-11-23T01:20:30.862+09:00 DEBUG 32544 --- [demo] [main] org.apache.catalina.webresources.Cache   : Increased cache size by [501] for item [org.apache.catalina.webresources.CachedResource@3f6c2763] at [/] making total cache size [1553]
2025-11-23T01:20:30.865+09:00 DEBUG 32544 --- [demo] [main] o.s.w.s.handler.SimpleUrlHandlerMapping  : Patterns [/webjars/**, /**, /swagger-ui/**, /swagger-ui*/*swagger-initializer.js, /swagger-ui*/**] in 'resourceHandlerMapping'
2025-11-23T01:20:30.882+09:00 DEBUG 32544 --- [demo] [main] s.w.s.m.m.a.RequestMappingHandlerAdapter : ControllerAdvice beans: 0 @ModelAttribute, 0 @InitBinder, 1 RequestBodyAdvice, 1 ResponseBodyAdvice
2025-11-23T01:20:30.915+09:00 DEBUG 32544 --- [demo] [main] .m.m.a.ExceptionHandlerExceptionResolver : ControllerAdvice beans: 2 @ExceptionHandler, 1 ResponseBodyAdvice
2025-11-23T01:20:31.065+09:00  INFO 32544 --- [demo] [main] o.s.boot.tomcat.TomcatWebServer          : Tomcat started on port 8090 (http) with context path '/'
2025-11-23T01:20:31.075+09:00  INFO 32544 --- [demo] [main] com.hyungsuu.demo.DemoApplication        : Started DemoApplication in 2.405 seconds (process running for 2.72)
2025-11-23T01:20:37.437+09:00 DEBUG 32544 --- [demo] [http-nio-8090-exec-1] o.a.c.a.jaspic.AuthConfigFactoryImpl     : Loading persistent provider registrations from [C:\Users\ix640\AppData\Local\Temp\tomcat.8090.4843482255840737594\conf\jaspic-providers.xml]
2025-11-23T01:20:37.439+09:00  INFO 32544 --- [demo] [http-nio-8090-exec-1] o.a.c.c.C.[Tomcat].[localhost].[/]       : Initializing Spring DispatcherServlet 'dispatcherServlet'
2025-11-23T01:20:37.439+09:00  INFO 32544 --- [demo] [http-nio-8090-exec-1] o.s.web.servlet.DispatcherServlet        : Initializing Servlet 'dispatcherServlet'
2025-11-23T01:20:37.440+09:00 DEBUG 32544 --- [demo] [http-nio-8090-exec-1] o.s.web.servlet.DispatcherServlet        : Detected StandardServletMultipartResolver
2025-11-23T01:20:37.440+09:00 DEBUG 32544 --- [demo] [http-nio-8090-exec-1] o.s.web.servlet.DispatcherServlet        : Detected AcceptHeaderLocaleResolver
2025-11-23T01:20:37.440+09:00 DEBUG 32544 --- [demo] [http-nio-8090-exec-1] o.s.web.servlet.DispatcherServlet        : Detected org.springframework.web.servlet.view.DefaultRequestToViewNameTranslator@637bf77b
2025-11-23T01:20:37.441+09:00 DEBUG 32544 --- [demo] [http-nio-8090-exec-1] o.s.web.servlet.DispatcherServlet        : Detected org.springframework.web.servlet.support.SessionFlashMapManager@7c49425f
2025-11-23T01:20:37.441+09:00 DEBUG 32544 --- [demo] [http-nio-8090-exec-1] o.s.web.servlet.DispatcherServlet        : enableLoggingRequestDetails='false': request parameters and headers will be masked to prevent unsafe logging of potentially sensitive data
2025-11-23T01:20:37.442+09:00  INFO 32544 --- [demo] [http-nio-8090-exec-1] o.s.web.servlet.DispatcherServlet        : Completed initialization in 3 ms
2025-11-23T01:20:37.452+09:00 DEBUG 32544 --- [demo] [http-nio-8090-exec-1] o.s.web.servlet.DispatcherServlet        : POST "/api/templet/selectSample", parameters={}
2025-11-23T01:20:37.465+09:00 DEBUG 32544 --- [demo] [http-nio-8090-exec-1] s.w.s.m.m.a.RequestMappingHandlerMapping : Mapped to com.hyungsuu.apigate.samaple.web.SampleController#selectSample(SelectSampleReqVo, BindingResult, HttpServletRequest, HttpServletResponse)
2025-11-23T01:20:37.533+09:00 DEBUG 32544 --- [demo] [http-nio-8090-exec-1] m.m.a.RequestResponseBodyMethodProcessor : Read "application/json;charset=UTF-8" to [com.hyungsuu.apigate.samaple.vo.SelectSampleReqVo@1b3bdf57]
2025-11-23T01:20:37.562+09:00  INFO 32544 --- [demo] [http-nio-8090-exec-1] c.h.a.samaple.web.SampleController       : selectSample. Start()==>0::URL이 존재하지 않습니다.
2025-11-23T01:20:37.562+09:00  INFO 32544 --- [demo] [http-nio-8090-exec-1] c.h.a.samaple.web.SampleController       : selectSample. Start()==>com.hyungsuu.apigate.samaple.vo.SelectSampleReqVo@1b3bdf57
2025-11-23T01:20:37.570+09:00  INFO 32544 --- [demo] [http-nio-8090-exec-1] com.zaxxer.hikari.HikariDataSource       : HikariPool-1 - Starting...
2025-11-23T01:20:37.645+09:00  INFO 32544 --- [demo] [http-nio-8090-exec-1] com.zaxxer.hikari.pool.HikariPool        : HikariPool-1 - Added connection org.mariadb.jdbc.Connection@7467aa42
2025-11-23T01:20:37.647+09:00  INFO 32544 --- [demo] [http-nio-8090-exec-1] com.zaxxer.hikari.HikariDataSource       : HikariPool-1 - Start completed.
2025-11-23T01:20:37.663+09:00  INFO 32544 --- [demo] [http-nio-8090-exec-1] c.h.a.s.service.impl.TempletServiceImpl  : ProcessBusiness. Start() {now()=2025-11-23 01:20:37.0}
2025-11-23T01:20:37.664+09:00  INFO 32544 --- [demo] [http-nio-8090-exec-1] c.h.a.s.service.impl.TempletServiceImpl  : ProcessBusiness. Start() com.hyungsuu.apigate.samaple.vo.SelectSampleResVo@65757fbf
2025-11-23T01:20:37.664+09:00  INFO 32544 --- [demo] [http-nio-8090-exec-1] c.h.a.samaple.web.SampleController       : selectSample. End()
2025-11-23T01:20:37.667+09:00 DEBUG 32544 --- [demo] [http-nio-8090-exec-1] o.s.w.s.m.m.a.HttpEntityMethodProcessor  : Using 'application/json;charset=UTF-8', given [*/*] and supported [application/json;charset=UTF-8]
2025-11-23T01:20:37.668+09:00 DEBUG 32544 --- [demo] [http-nio-8090-exec-1] o.s.w.s.m.m.a.HttpEntityMethodProcessor  : Writing [com.hyungsuu.apigate.samaple.vo.SelectSampleResVo@65757fbf]
2025-11-23T01:20:37.684+09:00 DEBUG 32544 --- [demo] [http-nio-8090-exec-1] o.s.web.servlet.DispatcherServlet        : Completed 200 OK
2025-11-23T01:20:39.388+09:00 DEBUG 32544 --- [demo] [http-nio-8090-exec-2] o.s.web.servlet.DispatcherServlet        : POST "/api/templet/selectSample", parameters={}
2025-11-23T01:20:39.389+09:00 DEBUG 32544 --- [demo] [http-nio-8090-exec-2] s.w.s.m.m.a.RequestMappingHandlerMapping : Mapped to com.hyungsuu.apigate.samaple.web.SampleController#selectSample(SelectSampleReqVo, BindingResult, HttpServletRequest, HttpServletResponse)
2025-11-23T01:20:39.390+09:00 DEBUG 32544 --- [demo] [http-nio-8090-exec-2] m.m.a.RequestResponseBodyMethodProcessor : Read "application/json;charset=UTF-8" to [com.hyungsuu.apigate.samaple.vo.SelectSampleReqVo@798e1c52]
2025-11-23T01:20:39.390+09:00  INFO 32544 --- [demo] [http-nio-8090-exec-2] c.h.a.samaple.web.SampleController       : selectSample. Start()==>0::URL이 존재하지 않습니다.
2025-11-23T01:20:39.391+09:00  INFO 32544 --- [demo] [http-nio-8090-exec-2] c.h.a.samaple.web.SampleController       : selectSample. Start()==>com.hyungsuu.apigate.samaple.vo.SelectSampleReqVo@798e1c52
2025-11-23T01:20:39.392+09:00  INFO 32544 --- [demo] [http-nio-8090-exec-2] c.h.a.s.service.impl.TempletServiceImpl  : ProcessBusiness. Start() {now()=2025-11-23 01:20:39.0}
2025-11-23T01:20:39.392+09:00  INFO 32544 --- [demo] [http-nio-8090-exec-2] c.h.a.s.service.impl.TempletServiceImpl  : ProcessBusiness. Start() com.hyungsuu.apigate.samaple.vo.SelectSampleResVo@7749fd13
2025-11-23T01:20:39.392+09:00  INFO 32544 --- [demo] [http-nio-8090-exec-2] c.h.a.samaple.web.SampleController       : selectSample. End()
2025-11-23T01:20:39.392+09:00 DEBUG 32544 --- [demo] [http-nio-8090-exec-2] o.s.w.s.m.m.a.HttpEntityMethodProcessor  : Using 'application/json;charset=UTF-8', given [*/*] and supported [application/json;charset=UTF-8]
2025-11-23T01:20:39.392+09:00 DEBUG 32544 --- [demo] [http-nio-8090-exec-2] o.s.w.s.m.m.a.HttpEntityMethodProcessor  : Writing [com.hyungsuu.apigate.samaple.vo.SelectSampleResVo@7749fd13]
2025-11-23T01:20:39.394+09:00 DEBUG 32544 --- [demo] [http-nio-8090-exec-2] o.s.web.servlet.DispatcherServlet        : Completed 200 OK
2025-11-23T01:20:45.106+09:00 DEBUG 32544 --- [demo] [http-nio-8090-exec-4] o.s.web.servlet.DispatcherServlet        : POST "/api1/templet/getJwtToken", parameters={}
2025-11-23T01:20:45.107+09:00 DEBUG 32544 --- [demo] [http-nio-8090-exec-4] s.w.s.m.m.a.RequestMappingHandlerMapping : Mapped to com.hyungsuu.apigate.samaple.web.TempletController#getJwtToken(JwtTokenReqVo, BindingResult, HttpServletRequest, HttpServletResponse)
2025-11-23T01:20:45.109+09:00 DEBUG 32544 --- [demo] [http-nio-8090-exec-4] m.m.a.RequestResponseBodyMethodProcessor : Read "application/json;charset=UTF-8" to [com.hyungsuu.apigate.samaple.vo.JwtTokenReqVo@3d2d3aa4]
2025-11-23T01:20:45.113+09:00  INFO 32544 --- [demo] [http-nio-8090-exec-4] c.h.a.samaple.web.TempletController      : getJwtToken. Start()
2025-11-23T01:20:45.113+09:00  INFO 32544 --- [demo] [http-nio-8090-exec-4] c.h.a.samaple.web.TempletController      : getJwtToken. Start()==>0
2025-11-23T01:20:45.167+09:00  INFO 32544 --- [demo] [http-nio-8090-exec-4] c.h.a.samaple.web.TempletController      : getJwtToken. End() 
2025-11-23T01:20:45.168+09:00 DEBUG 32544 --- [demo] [http-nio-8090-exec-4] o.s.w.s.m.m.a.HttpEntityMethodProcessor  : Using 'application/json;charset=UTF-8', given [*/*] and supported [application/json;charset=UTF-8]
2025-11-23T01:20:45.168+09:00 DEBUG 32544 --- [demo] [http-nio-8090-exec-4] o.s.w.s.m.m.a.HttpEntityMethodProcessor  : Writing [com.hyungsuu.apigate.samaple.vo.JwtTokenResVo@577ad7c2]
2025-11-23T01:20:45.171+09:00 DEBUG 32544 --- [demo] [http-nio-8090-exec-4] o.s.web.servlet.DispatcherServlet        : Completed 200 OK
2025-11-23T01:20:46.875+09:00 DEBUG 32544 --- [demo] [http-nio-8090-exec-5] o.s.web.servlet.DispatcherServlet        : POST "/api1/templet/getJwtToken", parameters={}
2025-11-23T01:20:46.875+09:00 DEBUG 32544 --- [demo] [http-nio-8090-exec-5] s.w.s.m.m.a.RequestMappingHandlerMapping : Mapped to com.hyungsuu.apigate.samaple.web.TempletController#getJwtToken(JwtTokenReqVo, BindingResult, HttpServletRequest, HttpServletResponse)
2025-11-23T01:20:46.876+09:00 DEBUG 32544 --- [demo] [http-nio-8090-exec-5] m.m.a.RequestResponseBodyMethodProcessor : Read "application/json;charset=UTF-8" to [com.hyungsuu.apigate.samaple.vo.JwtTokenReqVo@2d23c313]
2025-11-23T01:20:46.876+09:00  INFO 32544 --- [demo] [http-nio-8090-exec-5] c.h.a.samaple.web.TempletController      : getJwtToken. Start()
2025-11-23T01:20:46.876+09:00  INFO 32544 --- [demo] [http-nio-8090-exec-5] c.h.a.samaple.web.TempletController      : getJwtToken. Start()==>0
2025-11-23T01:20:46.876+09:00  INFO 32544 --- [demo] [http-nio-8090-exec-5] c.h.a.samaple.web.TempletController      : getJwtToken. End() 
2025-11-23T01:20:46.877+09:00 DEBUG 32544 --- [demo] [http-nio-8090-exec-5] o.s.w.s.m.m.a.HttpEntityMethodProcessor  : Using 'application/json;charset=UTF-8', given [*/*] and supported [application/json;charset=UTF-8]
2025-11-23T01:20:46.877+09:00 DEBUG 32544 --- [demo] [http-nio-8090-exec-5] o.s.w.s.m.m.a.HttpEntityMethodProcessor  : Writing [com.hyungsuu.apigate.samaple.vo.JwtTokenResVo@23e428c7]
2025-11-23T01:20:46.877+09:00 DEBUG 32544 --- [demo] [http-nio-8090-exec-5] o.s.web.servlet.DispatcherServlet        : Completed 200 OK
2025-11-23T01:21:20.842+09:00 DEBUG 32544 --- [demo] [http-nio-8090-exec-6] o.apache.coyote.http11.Http11Processor   : Error parsing HTTP request header

java.io.EOFException: null
	at org.apache.tomcat.util.net.NioEndpoint$NioSocketWrapper.fillReadBuffer(NioEndpoint.java:1338) ~[tomcat-embed-core-11.0.14.jar:11.0.14]
	at org.apache.tomcat.util.net.NioEndpoint$NioSocketWrapper.read(NioEndpoint.java:1223) ~[tomcat-embed-core-11.0.14.jar:11.0.14]
	at org.apache.coyote.http11.Http11InputBuffer.fill(Http11InputBuffer.java:776) ~[tomcat-embed-core-11.0.14.jar:11.0.14]
	at org.apache.coyote.http11.Http11InputBuffer.parseRequestLine(Http11InputBuffer.java:334) ~[tomcat-embed-core-11.0.14.jar:11.0.14]
	at org.apache.coyote.http11.Http11Processor.service(Http11Processor.java:270) ~[tomcat-embed-core-11.0.14.jar:11.0.14]
	at org.apache.coyote.AbstractProcessorLight.process(AbstractProcessorLight.java:63) ~[tomcat-embed-core-11.0.14.jar:11.0.14]
	at org.apache.coyote.AbstractProtocol$ConnectionHandler.process(AbstractProtocol.java:903) ~[tomcat-embed-core-11.0.14.jar:11.0.14]
	at org.apache.tomcat.util.net.NioEndpoint$SocketProcessor.doRun(NioEndpoint.java:1778) ~[tomcat-embed-core-11.0.14.jar:11.0.14]
	at org.apache.tomcat.util.net.SocketProcessorBase.run(SocketProcessorBase.java:52) ~[tomcat-embed-core-11.0.14.jar:11.0.14]
	at org.apache.tomcat.util.threads.ThreadPoolExecutor.runWorker(ThreadPoolExecutor.java:946) ~[tomcat-embed-core-11.0.14.jar:11.0.14]
	at org.apache.tomcat.util.threads.ThreadPoolExecutor$Worker.run(ThreadPoolExecutor.java:480) ~[tomcat-embed-core-11.0.14.jar:11.0.14]
	at org.apache.tomcat.util.threads.TaskThread$WrappingRunnable.run(TaskThread.java:57) ~[tomcat-embed-core-11.0.14.jar:11.0.14]
	at java.base/java.lang.Thread.run(Thread.java:1474) ~[na:na]

2025-11-23T01:21:20.845+09:00 DEBUG 32544 --- [demo] [http-nio-8090-exec-6] o.apache.coyote.http11.Http11Processor   : Error state [CLOSE_CONNECTION_NOW] reported while processing request

java.io.EOFException: null
	at org.apache.tomcat.util.net.NioEndpoint$NioSocketWrapper.fillReadBuffer(NioEndpoint.java:1338) ~[tomcat-embed-core-11.0.14.jar:11.0.14]
	at org.apache.tomcat.util.net.NioEndpoint$NioSocketWrapper.read(NioEndpoint.java:1223) ~[tomcat-embed-core-11.0.14.jar:11.0.14]
	at org.apache.coyote.http11.Http11InputBuffer.fill(Http11InputBuffer.java:776) ~[tomcat-embed-core-11.0.14.jar:11.0.14]
	at org.apache.coyote.http11.Http11InputBuffer.parseRequestLine(Http11InputBuffer.java:334) ~[tomcat-embed-core-11.0.14.jar:11.0.14]
	at org.apache.coyote.http11.Http11Processor.service(Http11Processor.java:270) ~[tomcat-embed-core-11.0.14.jar:11.0.14]
	at org.apache.coyote.AbstractProcessorLight.process(AbstractProcessorLight.java:63) ~[tomcat-embed-core-11.0.14.jar:11.0.14]
	at org.apache.coyote.AbstractProtocol$ConnectionHandler.process(AbstractProtocol.java:903) ~[tomcat-embed-core-11.0.14.jar:11.0.14]
	at org.apache.tomcat.util.net.NioEndpoint$SocketProcessor.doRun(NioEndpoint.java:1778) ~[tomcat-embed-core-11.0.14.jar:11.0.14]
	at org.apache.tomcat.util.net.SocketProcessorBase.run(SocketProcessorBase.java:52) ~[tomcat-embed-core-11.0.14.jar:11.0.14]
	at org.apache.tomcat.util.threads.ThreadPoolExecutor.runWorker(ThreadPoolExecutor.java:946) ~[tomcat-embed-core-11.0.14.jar:11.0.14]
	at org.apache.tomcat.util.threads.ThreadPoolExecutor$Worker.run(ThreadPoolExecutor.java:480) ~[tomcat-embed-core-11.0.14.jar:11.0.14]
	at org.apache.tomcat.util.threads.TaskThread$WrappingRunnable.run(TaskThread.java:57) ~[tomcat-embed-core-11.0.14.jar:11.0.14]
	at java.base/java.lang.Thread.run(Thread.java:1474) ~[na:na]

2025-11-23T01:37:40.799+09:00  INFO 69760 --- [demo] [main] com.hyungsuu.demo.DemoApplication        : Starting DemoApplication using Java 25.0.1 with PID 69760 (C:\prj\workspace\boot4ver\target\classes started by ix640 in C:\prj\workspace\boot4ver)
2025-11-23T01:37:40.802+09:00  INFO 69760 --- [demo] [main] com.hyungsuu.demo.DemoApplication        : The following 1 profile is active: "dev"
2025-11-23T01:37:41.790+09:00 DEBUG 69760 --- [demo] [main] org.apache.catalina.core.ContainerBase   : Add container child [StandardHost[localhost]] to container [StandardEngine[Tomcat]]
2025-11-23T01:37:41.803+09:00 DEBUG 69760 --- [demo] [main] org.apache.catalina.core.ContainerBase   : Add container child [TomcatEmbeddedContext[]] to container [StandardEngine[Tomcat].StandardHost[localhost]]
2025-11-23T01:37:41.806+09:00  INFO 69760 --- [demo] [main] o.s.boot.tomcat.TomcatWebServer          : Tomcat initialized with port 8090 (http)
2025-11-23T01:37:41.815+09:00  INFO 69760 --- [demo] [main] o.apache.catalina.core.StandardService   : Starting service [Tomcat]
2025-11-23T01:37:41.815+09:00  INFO 69760 --- [demo] [main] o.apache.catalina.core.StandardEngine    : Starting Servlet engine: [Apache Tomcat/11.0.14]
2025-11-23T01:37:41.848+09:00 DEBUG 69760 --- [demo] [main] o.apache.catalina.loader.WebappLoader    : Starting this Loader
2025-11-23T01:37:41.851+09:00 DEBUG 69760 --- [demo] [main] org.apache.catalina.webresources.Cache   : Increased cache size by [531] for item [org.apache.catalina.webresources.CachedResource@3635099] at [/WEB-INF/classes] making total cache size [531]
2025-11-23T01:37:41.854+09:00 DEBUG 69760 --- [demo] [main] o.apache.catalina.core.StandardContext   : No manager found. Checking if cluster manager should be used. Cluster configured: [false], Application distributable: [false]
2025-11-23T01:37:41.857+09:00 DEBUG 69760 --- [demo] [main] o.apache.catalina.core.StandardContext   : Configured a manager of class [org.apache.catalina.session.StandardManager]
2025-11-23T01:37:41.863+09:00  INFO 69760 --- [demo] [main] b.w.c.s.WebApplicationContextInitializer : Root WebApplicationContext: initialization completed in 998 ms
2025-11-23T01:37:41.885+09:00 DEBUG 69760 --- [demo] [main] org.apache.catalina.core.ContainerBase   : Add container child [StandardWrapper[dispatcherServlet]] to container [StandardEngine[Tomcat].StandardHost[localhost].TomcatEmbeddedContext[]]
2025-11-23T01:37:41.902+09:00 DEBUG 69760 --- [demo] [main] org.apache.catalina.mapper.Mapper        : Registered host [localhost]
2025-11-23T01:37:41.903+09:00 DEBUG 69760 --- [demo] [main] o.apache.catalina.mapper.MapperListener  : Register Wrapper [dispatcherServlet] in Context [] for service [StandardService[Tomcat]]
2025-11-23T01:37:41.903+09:00 DEBUG 69760 --- [demo] [main] o.apache.catalina.mapper.MapperListener  : Register Context [] for service [StandardService[Tomcat]]
2025-11-23T01:37:41.904+09:00 DEBUG 69760 --- [demo] [main] o.apache.catalina.mapper.MapperListener  : Register host [localhost] at domain [null] for service [StandardService[Tomcat]]
2025-11-23T01:37:41.967+09:00 DEBUG 69760 --- [demo] [main] org.apache.ibatis.logging.LogFactory     : Logging initialized using 'class org.apache.ibatis.logging.slf4j.Slf4jImpl' adapter.
2025-11-23T01:37:42.200+09:00 DEBUG 69760 --- [demo] [main] org.apache.catalina.webresources.Cache   : Increased cache size by [521] for item [org.apache.catalina.webresources.CachedResource@1291aab5] at [/index.html] making total cache size [1052]
2025-11-23T01:37:42.300+09:00 DEBUG 69760 --- [demo] [main] s.w.s.m.m.a.RequestMappingHandlerMapping : 8 mappings in 'requestMappingHandlerMapping'
2025-11-23T01:37:42.324+09:00 DEBUG 69760 --- [demo] [main] org.apache.catalina.webresources.Cache   : Increased cache size by [501] for item [org.apache.catalina.webresources.CachedResource@482ba4b1] at [/] making total cache size [1553]
2025-11-23T01:37:42.327+09:00 DEBUG 69760 --- [demo] [main] o.s.w.s.handler.SimpleUrlHandlerMapping  : Patterns [/webjars/**, /**, /swagger-ui/**, /swagger-ui*/*swagger-initializer.js, /swagger-ui*/**] in 'resourceHandlerMapping'
2025-11-23T01:37:42.346+09:00 DEBUG 69760 --- [demo] [main] s.w.s.m.m.a.RequestMappingHandlerAdapter : ControllerAdvice beans: 0 @ModelAttribute, 0 @InitBinder, 1 RequestBodyAdvice, 1 ResponseBodyAdvice
2025-11-23T01:37:42.376+09:00 DEBUG 69760 --- [demo] [main] .m.m.a.ExceptionHandlerExceptionResolver : ControllerAdvice beans: 2 @ExceptionHandler, 1 ResponseBodyAdvice
2025-11-23T01:37:42.508+09:00  WARN 69760 --- [demo] [main] ConfigServletWebServerApplicationContext : Exception encountered during context initialization - cancelling refresh attempt: org.springframework.context.ApplicationContextException: Failed to start bean 'webServerStartStop'
2025-11-23T01:37:42.527+09:00  INFO 69760 --- [demo] [main] .s.b.a.l.ConditionEvaluationReportLogger : 

Error starting ApplicationContext. To display the condition evaluation report re-run your application with 'debug' enabled.
2025-11-23T01:37:42.545+09:00 ERROR 69760 --- [demo] [main] o.s.b.d.LoggingFailureAnalysisReporter   : 

***************************
APPLICATION FAILED TO START
***************************

Description:

Web server failed to start. Port 8090 was already in use.

Action:

Identify and stop the process that's listening on port 8090 or configure this application to listen on another port.

2025-11-23T01:37:58.076+09:00  INFO 28084 --- [demo] [main] com.hyungsuu.demo.DemoApplication        : Starting DemoApplication using Java 25.0.1 with PID 28084 (C:\prj\workspace\boot4ver\target\classes started by ix640 in C:\prj\workspace\boot4ver)
2025-11-23T01:37:58.079+09:00  INFO 28084 --- [demo] [main] com.hyungsuu.demo.DemoApplication        : The following 1 profile is active: "dev"
2025-11-23T01:37:59.108+09:00 DEBUG 28084 --- [demo] [main] org.apache.catalina.core.ContainerBase   : Add container child [StandardHost[localhost]] to container [StandardEngine[Tomcat]]
2025-11-23T01:37:59.119+09:00 DEBUG 28084 --- [demo] [main] org.apache.catalina.core.ContainerBase   : Add container child [TomcatEmbeddedContext[]] to container [StandardEngine[Tomcat].StandardHost[localhost]]
2025-11-23T01:37:59.122+09:00  INFO 28084 --- [demo] [main] o.s.boot.tomcat.TomcatWebServer          : Tomcat initialized with port 8090 (http)
2025-11-23T01:37:59.131+09:00  INFO 28084 --- [demo] [main] o.apache.catalina.core.StandardService   : Starting service [Tomcat]
2025-11-23T01:37:59.132+09:00  INFO 28084 --- [demo] [main] o.apache.catalina.core.StandardEngine    : Starting Servlet engine: [Apache Tomcat/11.0.14]
2025-11-23T01:37:59.166+09:00 DEBUG 28084 --- [demo] [main] o.apache.catalina.loader.WebappLoader    : Starting this Loader
2025-11-23T01:37:59.169+09:00 DEBUG 28084 --- [demo] [main] org.apache.catalina.webresources.Cache   : Increased cache size by [531] for item [org.apache.catalina.webresources.CachedResource@3635099] at [/WEB-INF/classes] making total cache size [531]
2025-11-23T01:37:59.172+09:00 DEBUG 28084 --- [demo] [main] o.apache.catalina.core.StandardContext   : No manager found. Checking if cluster manager should be used. Cluster configured: [false], Application distributable: [false]
2025-11-23T01:37:59.176+09:00 DEBUG 28084 --- [demo] [main] o.apache.catalina.core.StandardContext   : Configured a manager of class [org.apache.catalina.session.StandardManager]
2025-11-23T01:37:59.181+09:00  INFO 28084 --- [demo] [main] b.w.c.s.WebApplicationContextInitializer : Root WebApplicationContext: initialization completed in 1056 ms
2025-11-23T01:37:59.203+09:00 DEBUG 28084 --- [demo] [main] org.apache.catalina.core.ContainerBase   : Add container child [StandardWrapper[dispatcherServlet]] to container [StandardEngine[Tomcat].StandardHost[localhost].TomcatEmbeddedContext[]]
2025-11-23T01:37:59.220+09:00 DEBUG 28084 --- [demo] [main] org.apache.catalina.mapper.Mapper        : Registered host [localhost]
2025-11-23T01:37:59.221+09:00 DEBUG 28084 --- [demo] [main] o.apache.catalina.mapper.MapperListener  : Register Wrapper [dispatcherServlet] in Context [] for service [StandardService[Tomcat]]
2025-11-23T01:37:59.221+09:00 DEBUG 28084 --- [demo] [main] o.apache.catalina.mapper.MapperListener  : Register Context [] for service [StandardService[Tomcat]]
2025-11-23T01:37:59.221+09:00 DEBUG 28084 --- [demo] [main] o.apache.catalina.mapper.MapperListener  : Register host [localhost] at domain [null] for service [StandardService[Tomcat]]
2025-11-23T01:37:59.282+09:00 DEBUG 28084 --- [demo] [main] org.apache.ibatis.logging.LogFactory     : Logging initialized using 'class org.apache.ibatis.logging.slf4j.Slf4jImpl' adapter.
2025-11-23T01:37:59.518+09:00 DEBUG 28084 --- [demo] [main] org.apache.catalina.webresources.Cache   : Increased cache size by [521] for item [org.apache.catalina.webresources.CachedResource@1291aab5] at [/index.html] making total cache size [1052]
2025-11-23T01:37:59.606+09:00 DEBUG 28084 --- [demo] [main] s.w.s.m.m.a.RequestMappingHandlerMapping : 8 mappings in 'requestMappingHandlerMapping'
2025-11-23T01:37:59.634+09:00 DEBUG 28084 --- [demo] [main] org.apache.catalina.webresources.Cache   : Increased cache size by [501] for item [org.apache.catalina.webresources.CachedResource@482ba4b1] at [/] making total cache size [1553]
2025-11-23T01:37:59.637+09:00 DEBUG 28084 --- [demo] [main] o.s.w.s.handler.SimpleUrlHandlerMapping  : Patterns [/webjars/**, /**, /swagger-ui/**, /swagger-ui*/*swagger-initializer.js, /swagger-ui*/**] in 'resourceHandlerMapping'
2025-11-23T01:37:59.653+09:00 DEBUG 28084 --- [demo] [main] s.w.s.m.m.a.RequestMappingHandlerAdapter : ControllerAdvice beans: 0 @ModelAttribute, 0 @InitBinder, 1 RequestBodyAdvice, 1 ResponseBodyAdvice
2025-11-23T01:37:59.683+09:00 DEBUG 28084 --- [demo] [main] .m.m.a.ExceptionHandlerExceptionResolver : ControllerAdvice beans: 2 @ExceptionHandler, 1 ResponseBodyAdvice
2025-11-23T01:37:59.835+09:00  INFO 28084 --- [demo] [main] o.s.boot.tomcat.TomcatWebServer          : Tomcat started on port 8090 (http) with context path '/'
2025-11-23T01:37:59.841+09:00  INFO 28084 --- [demo] [main] com.hyungsuu.demo.DemoApplication        : Started DemoApplication in 2.114 seconds (process running for 2.377)
2025-11-23T01:38:07.184+09:00 DEBUG 28084 --- [demo] [http-nio-8090-exec-1] o.a.c.a.jaspic.AuthConfigFactoryImpl     : Loading persistent provider registrations from [C:\Users\ix640\AppData\Local\Temp\tomcat.8090.14059992439759662426\conf\jaspic-providers.xml]
2025-11-23T01:38:07.186+09:00  INFO 28084 --- [demo] [http-nio-8090-exec-1] o.a.c.c.C.[Tomcat].[localhost].[/]       : Initializing Spring DispatcherServlet 'dispatcherServlet'
2025-11-23T01:38:07.187+09:00  INFO 28084 --- [demo] [http-nio-8090-exec-1] o.s.web.servlet.DispatcherServlet        : Initializing Servlet 'dispatcherServlet'
2025-11-23T01:38:07.187+09:00 DEBUG 28084 --- [demo] [http-nio-8090-exec-1] o.s.web.servlet.DispatcherServlet        : Detected StandardServletMultipartResolver
2025-11-23T01:38:07.187+09:00 DEBUG 28084 --- [demo] [http-nio-8090-exec-1] o.s.web.servlet.DispatcherServlet        : Detected AcceptHeaderLocaleResolver
2025-11-23T01:38:07.188+09:00 DEBUG 28084 --- [demo] [http-nio-8090-exec-1] o.s.web.servlet.DispatcherServlet        : Detected org.springframework.web.servlet.view.DefaultRequestToViewNameTranslator@5c5e0b1b
2025-11-23T01:38:07.188+09:00 DEBUG 28084 --- [demo] [http-nio-8090-exec-1] o.s.web.servlet.DispatcherServlet        : Detected org.springframework.web.servlet.support.SessionFlashMapManager@1cab04bc
2025-11-23T01:38:07.189+09:00 DEBUG 28084 --- [demo] [http-nio-8090-exec-1] o.s.web.servlet.DispatcherServlet        : enableLoggingRequestDetails='false': request parameters and headers will be masked to prevent unsafe logging of potentially sensitive data
2025-11-23T01:38:07.189+09:00  INFO 28084 --- [demo] [http-nio-8090-exec-1] o.s.web.servlet.DispatcherServlet        : Completed initialization in 2 ms
2025-11-23T01:38:07.198+09:00 DEBUG 28084 --- [demo] [http-nio-8090-exec-1] o.s.web.servlet.DispatcherServlet        : POST "/api1/templet/getJwtToken", parameters={}
2025-11-23T01:38:07.209+09:00 DEBUG 28084 --- [demo] [http-nio-8090-exec-1] s.w.s.m.m.a.RequestMappingHandlerMapping : Mapped to com.hyungsuu.apigate.samaple.web.TempletController#getJwtToken(JwtTokenReqVo, BindingResult, HttpServletRequest, HttpServletResponse)
2025-11-23T01:38:07.209+09:00  INFO 28084 --- [demo] [http-nio-8090-exec-1] c.h.a.samaple.web.SampleController       : preHandle
2025-11-23T01:38:07.263+09:00 DEBUG 28084 --- [demo] [http-nio-8090-exec-1] m.m.a.RequestResponseBodyMethodProcessor : Read "application/json;charset=UTF-8" to [com.hyungsuu.apigate.samaple.vo.JwtTokenReqVo@c0fbb47]
2025-11-23T01:38:07.288+09:00  INFO 28084 --- [demo] [http-nio-8090-exec-1] c.h.a.samaple.web.TempletController      : getJwtToken. Start()
2025-11-23T01:38:07.289+09:00  INFO 28084 --- [demo] [http-nio-8090-exec-1] c.h.a.samaple.web.TempletController      : getJwtToken. Start()==>0
2025-11-23T01:38:07.319+09:00  INFO 28084 --- [demo] [http-nio-8090-exec-1] c.h.a.samaple.web.TempletController      : getJwtToken. End() 
2025-11-23T01:38:07.321+09:00 DEBUG 28084 --- [demo] [http-nio-8090-exec-1] o.s.w.s.m.m.a.HttpEntityMethodProcessor  : Using 'application/json;charset=UTF-8', given [*/*] and supported [application/json;charset=UTF-8]
2025-11-23T01:38:07.322+09:00 DEBUG 28084 --- [demo] [http-nio-8090-exec-1] o.s.w.s.m.m.a.HttpEntityMethodProcessor  : Writing [com.hyungsuu.apigate.samaple.vo.JwtTokenResVo@120a4c97]
2025-11-23T01:38:07.340+09:00 DEBUG 28084 --- [demo] [http-nio-8090-exec-1] o.s.web.servlet.DispatcherServlet        : Completed 200 OK
2025-11-23T01:38:29.377+09:00 DEBUG 28084 --- [demo] [http-nio-8090-exec-3] o.s.web.servlet.DispatcherServlet        : POST "/api/templet/selectSample", parameters={}
2025-11-23T01:38:29.378+09:00 DEBUG 28084 --- [demo] [http-nio-8090-exec-3] s.w.s.m.m.a.RequestMappingHandlerMapping : Mapped to com.hyungsuu.apigate.samaple.web.SampleController#selectSample(SelectSampleReqVo, BindingResult, HttpServletRequest, HttpServletResponse)
2025-11-23T01:38:29.378+09:00  INFO 28084 --- [demo] [http-nio-8090-exec-3] c.h.a.samaple.web.SampleController       : preHandle
2025-11-23T01:38:29.381+09:00 DEBUG 28084 --- [demo] [http-nio-8090-exec-3] m.m.a.RequestResponseBodyMethodProcessor : Read "application/json;charset=UTF-8" to [com.hyungsuu.apigate.samaple.vo.SelectSampleReqVo@47e8adef]
2025-11-23T01:38:29.387+09:00  INFO 28084 --- [demo] [http-nio-8090-exec-3] c.h.a.samaple.web.SampleController       : selectSample. Start()==>0::URL이 존재하지 않습니다.
2025-11-23T01:38:29.388+09:00  INFO 28084 --- [demo] [http-nio-8090-exec-3] c.h.a.samaple.web.SampleController       : selectSample. Start()==>com.hyungsuu.apigate.samaple.vo.SelectSampleReqVo@47e8adef
2025-11-23T01:38:29.400+09:00  INFO 28084 --- [demo] [http-nio-8090-exec-3] com.zaxxer.hikari.HikariDataSource       : HikariPool-1 - Starting...
2025-11-23T01:38:29.485+09:00  INFO 28084 --- [demo] [http-nio-8090-exec-3] com.zaxxer.hikari.pool.HikariPool        : HikariPool-1 - Added connection org.mariadb.jdbc.Connection@7892607c
2025-11-23T01:38:29.486+09:00  INFO 28084 --- [demo] [http-nio-8090-exec-3] com.zaxxer.hikari.HikariDataSource       : HikariPool-1 - Start completed.
2025-11-23T01:38:29.504+09:00  INFO 28084 --- [demo] [http-nio-8090-exec-3] c.h.a.s.service.impl.TempletServiceImpl  : ProcessBusiness. Start() {now()=2025-11-23 01:38:29.0}
2025-11-23T01:38:29.504+09:00  INFO 28084 --- [demo] [http-nio-8090-exec-3] c.h.a.s.service.impl.TempletServiceImpl  : ProcessBusiness. Start() com.hyungsuu.apigate.samaple.vo.SelectSampleResVo@56c7dd9
2025-11-23T01:38:29.504+09:00  INFO 28084 --- [demo] [http-nio-8090-exec-3] c.h.a.samaple.web.SampleController       : selectSample. End()
2025-11-23T01:38:29.504+09:00 DEBUG 28084 --- [demo] [http-nio-8090-exec-3] o.s.w.s.m.m.a.HttpEntityMethodProcessor  : Using 'application/json;charset=UTF-8', given [*/*] and supported [application/json;charset=UTF-8]
2025-11-23T01:38:29.505+09:00 DEBUG 28084 --- [demo] [http-nio-8090-exec-3] o.s.w.s.m.m.a.HttpEntityMethodProcessor  : Writing [com.hyungsuu.apigate.samaple.vo.SelectSampleResVo@56c7dd9]
2025-11-23T01:38:29.506+09:00 DEBUG 28084 --- [demo] [http-nio-8090-exec-3] o.s.web.servlet.DispatcherServlet        : Completed 200 OK
2025-11-23T01:39:02.567+09:00 DEBUG 28084 --- [demo] [http-nio-8090-exec-2] o.apache.coyote.http11.Http11Processor   : Error parsing HTTP request header

java.io.EOFException: null
	at org.apache.tomcat.util.net.NioEndpoint$NioSocketWrapper.fillReadBuffer(NioEndpoint.java:1338) ~[tomcat-embed-core-11.0.14.jar:11.0.14]
	at org.apache.tomcat.util.net.NioEndpoint$NioSocketWrapper.read(NioEndpoint.java:1223) ~[tomcat-embed-core-11.0.14.jar:11.0.14]
	at org.apache.coyote.http11.Http11InputBuffer.fill(Http11InputBuffer.java:776) ~[tomcat-embed-core-11.0.14.jar:11.0.14]
	at org.apache.coyote.http11.Http11InputBuffer.parseRequestLine(Http11InputBuffer.java:334) ~[tomcat-embed-core-11.0.14.jar:11.0.14]
	at org.apache.coyote.http11.Http11Processor.service(Http11Processor.java:270) ~[tomcat-embed-core-11.0.14.jar:11.0.14]
	at org.apache.coyote.AbstractProcessorLight.process(AbstractProcessorLight.java:63) ~[tomcat-embed-core-11.0.14.jar:11.0.14]
	at org.apache.coyote.AbstractProtocol$ConnectionHandler.process(AbstractProtocol.java:903) ~[tomcat-embed-core-11.0.14.jar:11.0.14]
	at org.apache.tomcat.util.net.NioEndpoint$SocketProcessor.doRun(NioEndpoint.java:1778) ~[tomcat-embed-core-11.0.14.jar:11.0.14]
	at org.apache.tomcat.util.net.SocketProcessorBase.run(SocketProcessorBase.java:52) ~[tomcat-embed-core-11.0.14.jar:11.0.14]
	at org.apache.tomcat.util.threads.ThreadPoolExecutor.runWorker(ThreadPoolExecutor.java:946) ~[tomcat-embed-core-11.0.14.jar:11.0.14]
	at org.apache.tomcat.util.threads.ThreadPoolExecutor$Worker.run(ThreadPoolExecutor.java:480) ~[tomcat-embed-core-11.0.14.jar:11.0.14]
	at org.apache.tomcat.util.threads.TaskThread$WrappingRunnable.run(TaskThread.java:57) ~[tomcat-embed-core-11.0.14.jar:11.0.14]
	at java.base/java.lang.Thread.run(Thread.java:1474) ~[na:na]

2025-11-23T01:39:02.570+09:00 DEBUG 28084 --- [demo] [http-nio-8090-exec-2] o.apache.coyote.http11.Http11Processor   : Error state [CLOSE_CONNECTION_NOW] reported while processing request

java.io.EOFException: null
	at org.apache.tomcat.util.net.NioEndpoint$NioSocketWrapper.fillReadBuffer(NioEndpoint.java:1338) ~[tomcat-embed-core-11.0.14.jar:11.0.14]
	at org.apache.tomcat.util.net.NioEndpoint$NioSocketWrapper.read(NioEndpoint.java:1223) ~[tomcat-embed-core-11.0.14.jar:11.0.14]
	at org.apache.coyote.http11.Http11InputBuffer.fill(Http11InputBuffer.java:776) ~[tomcat-embed-core-11.0.14.jar:11.0.14]
	at org.apache.coyote.http11.Http11InputBuffer.parseRequestLine(Http11InputBuffer.java:334) ~[tomcat-embed-core-11.0.14.jar:11.0.14]
	at org.apache.coyote.http11.Http11Processor.service(Http11Processor.java:270) ~[tomcat-embed-core-11.0.14.jar:11.0.14]
	at org.apache.coyote.AbstractProcessorLight.process(AbstractProcessorLight.java:63) ~[tomcat-embed-core-11.0.14.jar:11.0.14]
	at org.apache.coyote.AbstractProtocol$ConnectionHandler.process(AbstractProtocol.java:903) ~[tomcat-embed-core-11.0.14.jar:11.0.14]
	at org.apache.tomcat.util.net.NioEndpoint$SocketProcessor.doRun(NioEndpoint.java:1778) ~[tomcat-embed-core-11.0.14.jar:11.0.14]
	at org.apache.tomcat.util.net.SocketProcessorBase.run(SocketProcessorBase.java:52) ~[tomcat-embed-core-11.0.14.jar:11.0.14]
	at org.apache.tomcat.util.threads.ThreadPoolExecutor.runWorker(ThreadPoolExecutor.java:946) ~[tomcat-embed-core-11.0.14.jar:11.0.14]
	at org.apache.tomcat.util.threads.ThreadPoolExecutor$Worker.run(ThreadPoolExecutor.java:480) ~[tomcat-embed-core-11.0.14.jar:11.0.14]
	at org.apache.tomcat.util.threads.TaskThread$WrappingRunnable.run(TaskThread.java:57) ~[tomcat-embed-core-11.0.14.jar:11.0.14]
	at java.base/java.lang.Thread.run(Thread.java:1474) ~[na:na]

